1654154058551	geckodriver	INFO	Listening on 127.0.0.1:53125
1654154058557	mozrunner::runner	INFO	Running command: "/usr/bin/firefox" "--marionette" "-foreground" "-no-remote" "-profile" "/tmp/rust_mozprofileeMfGy9"
ATTENTION: default value of option mesa_glthread overridden by environment.
ATTENTION: default value of option mesa_glthread overridden by environment.
ATTENTION: default value of option mesa_glthread overridden by environment.
ATTENTION: default value of option mesa_glthread overridden by environment.
1654154060706	Marionette	INFO	Marionette enabled
console.warn: SearchSettings: "get: No settings file exists, new profile?" (new NotFoundError("Could not open the file at /tmp/rust_mozprofileeMfGy9/search.json.mozlz4", (void 0)))
1654154064841	Marionette	INFO	Listening on port 40699
1654154064924	RemoteAgent	WARN	TLS certificate errors will be ignored for this session
JavaScript error: resource://gre/modules/XULStore.jsm, line 66: Error: Can't find profile directory.
JavaScript error: resource://gre/modules/XULStore.jsm, line 66: Error: Can't find profile directory.
console.warn: LoginRecipes: "getRecipes: falling back to a synchronous message for:" "https://robotsparebinindustries.com"
console.warn: LoginRecipes: "getRecipes: falling back to a synchronous message for:" "https://robotsparebinindustries.com"
console.warn: LoginRecipes: "getRecipes: falling back to a synchronous message for:" "https://robotsparebinindustries.com"
console.warn: LoginRecipes: "getRecipes: falling back to a synchronous message for:" "https://robotsparebinindustries.com"
console.warn: LoginRecipes: "getRecipes: falling back to a synchronous message for:" "https://robotsparebinindustries.com"
console.warn: LoginRecipes: "getRecipes: falling back to a synchronous message for:" "https://robotsparebinindustries.com"
console.warn: LoginRecipes: "getRecipes: falling back to a synchronous message for:" "https://robotsparebinindustries.com"
console.warn: LoginRecipes: "getRecipes: falling back to a synchronous message for:" "https://robotsparebinindustries.com"
console.warn: LoginRecipes: "getRecipes: falling back to a synchronous message for:" "https://robotsparebinindustries.com"
console.warn: LoginRecipes: "getRecipes: falling back to a synchronous message for:" "https://robotsparebinindustries.com"
console.warn: LoginRecipes: "getRecipes: falling back to a synchronous message for:" "https://robotsparebinindustries.com"
console.warn: LoginRecipes: "getRecipes: falling back to a synchronous message for:" "https://robotsparebinindustries.com"
console.warn: LoginRecipes: "getRecipes: falling back to a synchronous message for:" "https://robotsparebinindustries.com"
console.warn: LoginRecipes: "getRecipes: falling back to a synchronous message for:" "https://robotsparebinindustries.com"
console.warn: LoginRecipes: "getRecipes: falling back to a synchronous message for:" "https://robotsparebinindustries.com"
console.warn: LoginRecipes: "getRecipes: falling back to a synchronous message for:" "https://robotsparebinindustries.com"
console.warn: LoginRecipes: "getRecipes: falling back to a synchronous message for:" "https://robotsparebinindustries.com"
console.warn: LoginRecipes: "getRecipes: falling back to a synchronous message for:" "https://robotsparebinindustries.com"
console.warn: LoginRecipes: "getRecipes: falling back to a synchronous message for:" "https://robotsparebinindustries.com"
console.warn: LoginRecipes: "getRecipes: falling back to a synchronous message for:" "https://robotsparebinindustries.com"
1654154379246	Marionette	INFO	Stopped listening on port 40699
console.warn: TopSitesFeed: Failed to fetch data from Contile server: NetworkError when attempting to fetch resource.

###!!! [Parent][RunMessage] Error: Channel closing: too late to send/recv, messages will be lost

